2020-08-27 12:32:01 [scrapy.utils.log] INFO: Scrapy 2.3.0 started (bot: scrapybot)
2020-08-27 12:32:01 [scrapy.utils.log] INFO: Versions: lxml 4.5.2.0, libxml2 2.9.5, cssselect 1.1.0, parsel 1.6.0, w3lib 1.22.0, Twisted 20.3.0, Python 3.8.5 (tags/v3.8.5:580fbb0, Jul 20 2020, 15:57:54) [MSC v.1924 64 bit (AMD64)], pyOpenSSL 19.1.0 (OpenSSL 1.1.1g  21 Apr 2020), cryptography 3.0, Platform Windows-10-10.0.19041-SP0
2020-08-27 12:32:01 [scrapy.utils.log] DEBUG: Using reactor: twisted.internet.selectreactor.SelectReactor
2020-08-27 12:32:01 [scrapy.crawler] INFO: Overridden settings:
{'SPIDER_LOADER_WARN_ONLY': True}
2020-08-27 12:32:01 [scrapy.extensions.telnet] INFO: Telnet Password: 35fcb04a4b7a381d
2020-08-27 12:32:01 [scrapy.middleware] INFO: Enabled extensions:
['scrapy.extensions.corestats.CoreStats',
 'scrapy.extensions.telnet.TelnetConsole',
 'scrapy.extensions.feedexport.FeedExporter',
 'scrapy.extensions.logstats.LogStats']
2020-08-27 12:32:01 [scrapy.middleware] INFO: Enabled downloader middlewares:
['scrapy.downloadermiddlewares.httpauth.HttpAuthMiddleware',
 'scrapy.downloadermiddlewares.downloadtimeout.DownloadTimeoutMiddleware',
 'scrapy.downloadermiddlewares.defaultheaders.DefaultHeadersMiddleware',
 'scrapy.downloadermiddlewares.useragent.UserAgentMiddleware',
 'scrapy.downloadermiddlewares.retry.RetryMiddleware',
 'scrapy.downloadermiddlewares.redirect.MetaRefreshMiddleware',
 'scrapy.downloadermiddlewares.httpcompression.HttpCompressionMiddleware',
 'scrapy.downloadermiddlewares.redirect.RedirectMiddleware',
 'scrapy.downloadermiddlewares.cookies.CookiesMiddleware',
 'scrapy.downloadermiddlewares.httpproxy.HttpProxyMiddleware',
 'scrapy.downloadermiddlewares.stats.DownloaderStats']
2020-08-27 12:32:01 [scrapy.middleware] INFO: Enabled spider middlewares:
['scrapy.spidermiddlewares.httperror.HttpErrorMiddleware',
 'scrapy.spidermiddlewares.offsite.OffsiteMiddleware',
 'scrapy.spidermiddlewares.referer.RefererMiddleware',
 'scrapy.spidermiddlewares.urllength.UrlLengthMiddleware',
 'scrapy.spidermiddlewares.depth.DepthMiddleware']
2020-08-27 12:32:01 [scrapy.middleware] INFO: Enabled item pipelines:
[]
2020-08-27 12:32:01 [scrapy.core.engine] INFO: Spider opened
2020-08-27 12:32:01 [scrapy.extensions.logstats] INFO: Crawled 0 pages (at 0 pages/min), scraped 0 items (at 0 items/min)
2020-08-27 12:32:01 [scrapy.extensions.telnet] INFO: Telnet console listening on 127.0.0.1:6023
2020-08-27 12:32:02 [scrapy.core.engine] DEBUG: Crawled (200) <GET https://thewoksoflife.com/chinese-preserved-greens/> (referer: None)
2020-08-27 12:32:02 [scrapy.core.scraper] ERROR: Spider error processing <GET https://thewoksoflife.com/chinese-preserved-greens/> (referer: None)
Traceback (most recent call last):
  File "c:\python38\lib\site-packages\scrapy\utils\defer.py", line 120, in iter_errback
    yield next(it)
  File "c:\python38\lib\site-packages\scrapy\utils\python.py", line 347, in __next__
    return next(self.data)
  File "c:\python38\lib\site-packages\scrapy\utils\python.py", line 347, in __next__
    return next(self.data)
  File "c:\python38\lib\site-packages\scrapy\core\spidermw.py", line 64, in _evaluate_iterable
    for r in iterable:
  File "c:\python38\lib\site-packages\scrapy\spidermiddlewares\offsite.py", line 29, in process_spider_output
    for x in result:
  File "c:\python38\lib\site-packages\scrapy\core\spidermw.py", line 64, in _evaluate_iterable
    for r in iterable:
  File "c:\python38\lib\site-packages\scrapy\spidermiddlewares\referer.py", line 340, in <genexpr>
    return (_set_referer(r) for r in result or ())
  File "c:\python38\lib\site-packages\scrapy\core\spidermw.py", line 64, in _evaluate_iterable
    for r in iterable:
  File "c:\python38\lib\site-packages\scrapy\spidermiddlewares\urllength.py", line 37, in <genexpr>
    return (r for r in result or () if _filter(r))
  File "c:\python38\lib\site-packages\scrapy\core\spidermw.py", line 64, in _evaluate_iterable
    for r in iterable:
  File "c:\python38\lib\site-packages\scrapy\spidermiddlewares\depth.py", line 58, in <genexpr>
    return (r for r in result or () if _filter(r))
  File "c:\python38\lib\site-packages\scrapy\core\spidermw.py", line 64, in _evaluate_iterable
    for r in iterable:
  File "C:\Users\Jack\Desktop\Jack\Code Projects\Scrapy\woksOfLifeSpider.py", line 46, in parse
    yield set(
TypeError: set() takes no keyword arguments
2020-08-27 12:32:02 [scrapy.core.engine] INFO: Closing spider (finished)
2020-08-27 12:32:02 [scrapy.statscollectors] INFO: Dumping Scrapy stats:
{'downloader/request_bytes': 242,
 'downloader/request_count': 1,
 'downloader/request_method_count/GET': 1,
 'downloader/response_bytes': 38431,
 'downloader/response_count': 1,
 'downloader/response_status_count/200': 1,
 'elapsed_time_seconds': 0.533001,
 'finish_reason': 'finished',
 'finish_time': datetime.datetime(2020, 8, 27, 16, 32, 2, 442473),
 'log_count/DEBUG': 1,
 'log_count/ERROR': 1,
 'log_count/INFO': 10,
 'response_received_count': 1,
 'scheduler/dequeued': 1,
 'scheduler/dequeued/memory': 1,
 'scheduler/enqueued': 1,
 'scheduler/enqueued/memory': 1,
 'spider_exceptions/TypeError': 1,
 'start_time': datetime.datetime(2020, 8, 27, 16, 32, 1, 909472)}
2020-08-27 12:32:02 [scrapy.core.engine] INFO: Spider closed (finished)
Recipe name:
Chinese Preserved Greens
Time to make:
Prep Time 4  d Total Time 4  d
Tags:
['Vegetables', 'Chinese', 'Chinese Preserved Greens']
Nutrition:
['Calories: ', '37', 'Carbohydrates: ', '7', 'Protein: ', '3', 'Fat: ', '1', 'Saturated Fat: ', '1', 'Sodium: ', '1105', 'Potassium: ', '368', 'Vitamin A: ', '7493', 'Vitamin C: ', '90', 'Calcium: ', '113', 'Iron: ', '1']
Steps:
['Make sure all containers, work surfaces, your knife, and your hands are thoroughly cleaned and free of any dirt, grease, or grime. ', 'Let them air dry completely for 12 hours. If you have loose stalks and leaves like I did, you can bundle them together with kitchen string or rubber bands, and hang them on a line of clean twine to dry. ', 'Once all the leaves are dried (free of surface water, not dehydrated) and slightly wilted, chop them to your desired size—I did small slivers. You can also cut them into larger chunks or leave them whole.', 'In a large bowl, sprinkle salt onto every layer of greens. Knead the vegetables with clean hands to work the salt in, until they are well coated. Transfer everything to a clean container with a cover. Marinate in the refrigerator for at least 3 days. After three days, they are ready to be used! ']
Number of Steps:
4
Recipe description:
These Chinese Preserved Greens can be made with any robust leafy green vegetable, like tender kale, mustard greens, or radish greens. All you need is salt!
Ingredients:
['Ingredients', '2.7', ' ', 'kg', ' ', 'fresh kale, mustard greens, or radish greens', ' ', '(6 pounds)', '100', ' ', 'g', ' ', 'sea salt', ' ', '(about 1/3 cup)']
Number of Ingredients:
15
